<?xml version="1.0" encoding="UTF-8"?>
<testng-results skipped="0" failed="1" ignored="0" total="4" passed="3">
  <reporter-output>
  </reporter-output>
  <suite name="Recruiter Ai Test Suite" duration-ms="497310" started-at="2022-10-06T09:31:36Z" finished-at="2022-10-06T09:39:53Z">
    <groups>
      <group name="cucumber">
        <method signature="AbstractTestNGCucumberTests.feature(cucumber.api.testng.CucumberFeatureWrapper)[pri:0, instance:testrunners.AiLoginLogout@3d99d22e]" name="feature" class="cucumber.api.testng.AbstractTestNGCucumberTests"/>
        <method signature="AbstractTestNGCucumberTests.feature(cucumber.api.testng.CucumberFeatureWrapper)[pri:0, instance:testrunners.CreateNewJob@23faf8f2]" name="feature" class="cucumber.api.testng.AbstractTestNGCucumberTests"/>
        <method signature="AbstractTestNGCucumberTests.feature(cucumber.api.testng.CucumberFeatureWrapper)[pri:0, instance:testrunners.Collaborators@56aac163]" name="feature" class="cucumber.api.testng.AbstractTestNGCucumberTests"/>
        <method signature="AbstractTestNGCucumberTests.feature(cucumber.api.testng.CucumberFeatureWrapper)[pri:0, instance:testrunners.Candidateapply@167fdd33]" name="feature" class="cucumber.api.testng.AbstractTestNGCucumberTests"/>
      </group> <!-- cucumber -->
    </groups>
    <test name="Recruiter Ai Login and Logout" duration-ms="45387" started-at="2022-10-06T09:31:36Z" finished-at="2022-10-06T09:32:21Z">
      <class name="testrunners.AiLoginLogout">
        <test-method status="PASS" signature="setUpClass()[pri:0, instance:testrunners.AiLoginLogout@3d99d22e]" name="setUpClass" is-config="true" duration-ms="675" started-at="2022-10-06T09:31:36Z" finished-at="2022-10-06T09:31:36Z">
          <reporter-output>
          </reporter-output>
        </test-method> <!-- setUpClass -->
        <test-method status="PASS" signature="feature(cucumber.api.testng.CucumberFeatureWrapper)[pri:0, instance:testrunners.AiLoginLogout@3d99d22e]" name="feature" duration-ms="41894" started-at="2022-10-06T09:31:36Z" description="Runs Cucumber Feature" data-provider="features" finished-at="2022-10-06T09:32:18Z">
          <params>
            <param index="0">
              <value>
                <![CDATA[Login and Logout]]>
              </value>
            </param>
          </params>
          <reporter-output>
          </reporter-output>
        </test-method> <!-- feature -->
        <test-method status="PASS" signature="tearDownClass()[pri:0, instance:testrunners.AiLoginLogout@3d99d22e]" name="tearDownClass" is-config="true" duration-ms="2663" started-at="2022-10-06T09:32:18Z" finished-at="2022-10-06T09:32:21Z">
          <reporter-output>
          </reporter-output>
        </test-method> <!-- tearDownClass -->
      </class> <!-- testrunners.AiLoginLogout -->
    </test> <!-- Recruiter Ai Login and Logout -->
    <test name="Recruiter Ai Create New Job" duration-ms="158581" started-at="2022-10-06T09:32:21Z" finished-at="2022-10-06T09:35:00Z">
      <class name="testrunners.CreateNewJob">
        <test-method status="PASS" signature="setUpClass()[pri:0, instance:testrunners.CreateNewJob@23faf8f2]" name="setUpClass" is-config="true" duration-ms="153" started-at="2022-10-06T09:32:21Z" finished-at="2022-10-06T09:32:21Z">
          <reporter-output>
          </reporter-output>
        </test-method> <!-- setUpClass -->
        <test-method status="PASS" signature="feature(cucumber.api.testng.CucumberFeatureWrapper)[pri:0, instance:testrunners.CreateNewJob@23faf8f2]" name="feature" duration-ms="158143" started-at="2022-10-06T09:32:21Z" description="Runs Cucumber Feature" data-provider="features" finished-at="2022-10-06T09:34:59Z">
          <params>
            <param index="0">
              <value>
                <![CDATA[Create New Job with all details]]>
              </value>
            </param>
          </params>
          <reporter-output>
          </reporter-output>
        </test-method> <!-- feature -->
        <test-method status="PASS" signature="tearDownClass()[pri:0, instance:testrunners.CreateNewJob@23faf8f2]" name="tearDownClass" is-config="true" duration-ms="233" started-at="2022-10-06T09:34:59Z" finished-at="2022-10-06T09:35:00Z">
          <reporter-output>
          </reporter-output>
        </test-method> <!-- tearDownClass -->
      </class> <!-- testrunners.CreateNewJob -->
    </test> <!-- Recruiter Ai Create New Job -->
    <test name="Recruiter Ai add collaborators" duration-ms="167120" started-at="2022-10-06T09:35:00Z" finished-at="2022-10-06T09:37:47Z">
      <class name="testrunners.Collaborators">
        <test-method status="PASS" signature="setUpClass()[pri:0, instance:testrunners.Collaborators@56aac163]" name="setUpClass" is-config="true" duration-ms="66" started-at="2022-10-06T09:35:00Z" finished-at="2022-10-06T09:35:00Z">
          <reporter-output>
          </reporter-output>
        </test-method> <!-- setUpClass -->
        <test-method status="FAIL" signature="feature(cucumber.api.testng.CucumberFeatureWrapper)[pri:0, instance:testrunners.Collaborators@56aac163]" name="feature" duration-ms="166781" started-at="2022-10-06T09:35:00Z" description="Runs Cucumber Feature" data-provider="features" finished-at="2022-10-06T09:37:47Z">
          <params>
            <param index="0">
              <value>
                <![CDATA[Collaborators and interview setup]]>
              </value>
            </param>
          </params>
          <exception class="cucumber.runtime.CucumberException">
            <message>
              <![CDATA[org.openqa.selenium.ElementClickInterceptedException: element click intercepted: Element <a class="bx--header__menu-item" tabindex="0">...</a> is not clickable at point (401, 23). Other element would receive the click: <div class="bx--loading-overlay">...</div>
  (Session info: chrome=106.0.5249.91)
Build info: version: '3.141.59', revision: 'e82be7d358', time: '2018-11-14T08:17:03'
System info: host: 'PAUL', ip: '192.168.1.2', os.name: 'Windows 10', os.arch: 'amd64', os.version: '10.0', java.version: '1.8.0_121'
Driver info: org.openqa.selenium.chrome.ChromeDriver
Capabilities {acceptInsecureCerts: false, browserName: chrome, browserVersion: 106.0.5249.91, chrome: {chromedriverVersion: 105.0.5195.52 (412c95e51883..., userDataDir: C:\Users\paul\AppData\Local...}, goog:chromeOptions: {debuggerAddress: localhost:58395}, javascriptEnabled: true, networkConnectionEnabled: false, pageLoadStrategy: normal, platform: WINDOWS, platformName: WINDOWS, proxy: Proxy(), setWindowRect: true, strictFileInteractability: false, timeouts: {implicit: 0, pageLoad: 300000, script: 30000}, unhandledPromptBehavior: dismiss and notify, webauthn:extension:credBlob: true, webauthn:extension:largeBlob: true, webauthn:virtualAuthenticators: true}
Session ID: 587957778e342b3e41be2f37815bde04]]>
            </message>
            <full-stacktrace>
              <![CDATA[cucumber.runtime.CucumberException: org.openqa.selenium.ElementClickInterceptedException: element click intercepted: Element <a class="bx--header__menu-item" tabindex="0">...</a> is not clickable at point (401, 23). Other element would receive the click: <div class="bx--loading-overlay">...</div>
  (Session info: chrome=106.0.5249.91)
Build info: version: '3.141.59', revision: 'e82be7d358', time: '2018-11-14T08:17:03'
System info: host: 'PAUL', ip: '192.168.1.2', os.name: 'Windows 10', os.arch: 'amd64', os.version: '10.0', java.version: '1.8.0_121'
Driver info: org.openqa.selenium.chrome.ChromeDriver
Capabilities {acceptInsecureCerts: false, browserName: chrome, browserVersion: 106.0.5249.91, chrome: {chromedriverVersion: 105.0.5195.52 (412c95e51883..., userDataDir: C:\Users\paul\AppData\Local...}, goog:chromeOptions: {debuggerAddress: localhost:58395}, javascriptEnabled: true, networkConnectionEnabled: false, pageLoadStrategy: normal, platform: WINDOWS, platformName: WINDOWS, proxy: Proxy(), setWindowRect: true, strictFileInteractability: false, timeouts: {implicit: 0, pageLoad: 300000, script: 30000}, unhandledPromptBehavior: dismiss and notify, webauthn:extension:credBlob: true, webauthn:extension:largeBlob: true, webauthn:virtualAuthenticators: true}
Session ID: 587957778e342b3e41be2f37815bde04
at cucumber.api.testng.TestNGCucumberRunner.runCucumber(TestNGCucumberRunner.java:69)
at cucumber.api.testng.AbstractTestNGCucumberTests.feature(AbstractTestNGCucumberTests.java:21)
at sun.reflect.NativeMethodAccessorImpl.invoke0(Native Method)
at sun.reflect.NativeMethodAccessorImpl.invoke(NativeMethodAccessorImpl.java:62)
at sun.reflect.DelegatingMethodAccessorImpl.invoke(DelegatingMethodAccessorImpl.java:43)
at java.lang.reflect.Method.invoke(Method.java:498)
at org.testng.internal.MethodInvocationHelper.invokeMethod(MethodInvocationHelper.java:124)
at org.testng.internal.Invoker.invokeMethod(Invoker.java:583)
at org.testng.internal.Invoker.invokeTestMethod(Invoker.java:719)
at org.testng.internal.Invoker.invokeTestMethods(Invoker.java:989)
at org.testng.internal.TestMethodWorker.invokeTestMethods(TestMethodWorker.java:125)
at org.testng.internal.TestMethodWorker.run(TestMethodWorker.java:109)
at org.testng.TestRunner.privateRun(TestRunner.java:648)
at org.testng.TestRunner.run(TestRunner.java:505)
at org.testng.SuiteRunner.runTest(SuiteRunner.java:455)
at org.testng.SuiteRunner.runSequentially(SuiteRunner.java:450)
at org.testng.SuiteRunner.privateRun(SuiteRunner.java:415)
at org.testng.SuiteRunner.run(SuiteRunner.java:364)
at org.testng.SuiteRunnerWorker.runSuite(SuiteRunnerWorker.java:52)
at org.testng.SuiteRunnerWorker.run(SuiteRunnerWorker.java:84)
at org.testng.TestNG.runSuitesSequentially(TestNG.java:1208)
at org.testng.TestNG.runSuitesLocally(TestNG.java:1137)
at org.testng.TestNG.runSuites(TestNG.java:1049)
at org.testng.TestNG.run(TestNG.java:1017)
at org.testng.remote.AbstractRemoteTestNG.run(AbstractRemoteTestNG.java:132)
at org.testng.remote.RemoteTestNG.initAndRun(RemoteTestNG.java:230)
at org.testng.remote.RemoteTestNG.main(RemoteTestNG.java:76)
Caused by: org.openqa.selenium.ElementClickInterceptedException: element click intercepted: Element <a class="bx--header__menu-item" tabindex="0">...</a> is not clickable at point (401, 23). Other element would receive the click: <div class="bx--loading-overlay">...</div>
  (Session info: chrome=106.0.5249.91)
Build info: version: '3.141.59', revision: 'e82be7d358', time: '2018-11-14T08:17:03'
System info: host: 'PAUL', ip: '192.168.1.2', os.name: 'Windows 10', os.arch: 'amd64', os.version: '10.0', java.version: '1.8.0_121'
Driver info: org.openqa.selenium.chrome.ChromeDriver
Capabilities {acceptInsecureCerts: false, browserName: chrome, browserVersion: 106.0.5249.91, chrome: {chromedriverVersion: 105.0.5195.52 (412c95e51883..., userDataDir: C:\Users\paul\AppData\Local...}, goog:chromeOptions: {debuggerAddress: localhost:58395}, javascriptEnabled: true, networkConnectionEnabled: false, pageLoadStrategy: normal, platform: WINDOWS, platformName: WINDOWS, proxy: Proxy(), setWindowRect: true, strictFileInteractability: false, timeouts: {implicit: 0, pageLoad: 300000, script: 30000}, unhandledPromptBehavior: dismiss and notify, webauthn:extension:credBlob: true, webauthn:extension:largeBlob: true, webauthn:virtualAuthenticators: true}
Session ID: 587957778e342b3e41be2f37815bde04
at sun.reflect.NativeConstructorAccessorImpl.newInstance0(Native Method)
at sun.reflect.NativeConstructorAccessorImpl.newInstance(NativeConstructorAccessorImpl.java:62)
at sun.reflect.DelegatingConstructorAccessorImpl.newInstance(DelegatingConstructorAccessorImpl.java:45)
at java.lang.reflect.Constructor.newInstance(Constructor.java:423)
at org.openqa.selenium.remote.http.W3CHttpResponseCodec.createException(W3CHttpResponseCodec.java:187)
at org.openqa.selenium.remote.http.W3CHttpResponseCodec.decode(W3CHttpResponseCodec.java:122)
at org.openqa.selenium.remote.http.W3CHttpResponseCodec.decode(W3CHttpResponseCodec.java:49)
at org.openqa.selenium.remote.HttpCommandExecutor.execute(HttpCommandExecutor.java:158)
at org.openqa.selenium.remote.service.DriverCommandExecutor.execute(DriverCommandExecutor.java:83)
at org.openqa.selenium.remote.RemoteWebDriver.execute(RemoteWebDriver.java:552)
at org.openqa.selenium.remote.RemoteWebElement.execute(RemoteWebElement.java:285)
at org.openqa.selenium.remote.RemoteWebElement.click(RemoteWebElement.java:84)
at stepdefinitions.Stepdefinitions.recruiter_clicks_on_Jobs_Menu(Stepdefinitions.java:61)
at âœ½.Given Recruiter clicks on Jobs Menu(Featurefiles/collaborators.feature:11)
]]>
            </full-stacktrace>
          </exception> <!-- cucumber.runtime.CucumberException -->
          <reporter-output>
          </reporter-output>
        </test-method> <!-- feature -->
        <test-method status="PASS" signature="tearDownClass()[pri:0, instance:testrunners.Collaborators@56aac163]" name="tearDownClass" is-config="true" duration-ms="207" started-at="2022-10-06T09:37:47Z" finished-at="2022-10-06T09:37:47Z">
          <reporter-output>
          </reporter-output>
        </test-method> <!-- tearDownClass -->
      </class> <!-- testrunners.Collaborators -->
    </test> <!-- Recruiter Ai add collaborators -->
    <test name="Recruiter Ai Candidate Application form" duration-ms="126012" started-at="2022-10-06T09:37:47Z" finished-at="2022-10-06T09:39:53Z">
      <class name="testrunners.Candidateapply">
        <test-method status="PASS" signature="setUpClass()[pri:0, instance:testrunners.Candidateapply@167fdd33]" name="setUpClass" is-config="true" duration-ms="48" started-at="2022-10-06T09:37:47Z" finished-at="2022-10-06T09:37:47Z">
          <reporter-output>
          </reporter-output>
        </test-method> <!-- setUpClass -->
        <test-method status="PASS" signature="feature(cucumber.api.testng.CucumberFeatureWrapper)[pri:0, instance:testrunners.Candidateapply@167fdd33]" name="feature" duration-ms="125643" started-at="2022-10-06T09:37:47Z" description="Runs Cucumber Feature" data-provider="features" finished-at="2022-10-06T09:39:53Z">
          <params>
            <param index="0">
              <value>
                <![CDATA[Candidate Job Application form]]>
              </value>
            </param>
          </params>
          <reporter-output>
          </reporter-output>
        </test-method> <!-- feature -->
        <test-method status="PASS" signature="tearDownClass()[pri:0, instance:testrunners.Candidateapply@167fdd33]" name="tearDownClass" is-config="true" duration-ms="261" started-at="2022-10-06T09:39:53Z" finished-at="2022-10-06T09:39:53Z">
          <reporter-output>
          </reporter-output>
        </test-method> <!-- tearDownClass -->
      </class> <!-- testrunners.Candidateapply -->
    </test> <!-- Recruiter Ai Candidate Application form -->
  </suite> <!-- Recruiter Ai Test Suite -->
</testng-results>
