<?xml version="1.0" encoding="UTF-8"?>
<!-- Generated by org.testng.reporters.JUnitXMLReporter -->
<testsuite hostname="Paul" ignored="0" name="Create New Job with all Details" tests="1" failures="1" timestamp="04 Oct 2022 07:50:00 GMT" time="109.244" errors="0">
  <testcase name="feature" time="108.92" classname="cucumber.api.testng.AbstractTestNGCucumberTests">
    <failure type="cucumber.runtime.CucumberException" message="org.openqa.selenium.ElementClickInterceptedException: element click intercepted: Element &amp;lt;input id=&amp;quot;noOfVacancies&amp;quot; placeholder=&amp;quot;1&amp;quot; type=&amp;quot;number&amp;quot; class=&amp;quot;bx--text-input bx--text__input&amp;quot; title=&amp;quot;1&amp;quot; name=&amp;quot;noOfVacancies&amp;quot; min=&amp;quot;1&amp;quot; max=&amp;quot;1000&amp;quot; value=&amp;quot;1&amp;quot;&amp;gt; is not clickable at point (1032, 694). Other element would receive the click: &amp;lt;div class=&amp;quot;bx--modal bx--modal-tall is-visible&amp;quot; role=&amp;quot;presentation&amp;quot;&amp;gt;...&amp;lt;/div&amp;gt;
  (Session info: chrome=106.0.5249.91)
Build info: version: &amp;apos;3.141.59&amp;apos;, revision: &amp;apos;e82be7d358&amp;apos;, time: &amp;apos;2018-11-14T08:17:03&amp;apos;
System info: host: &amp;apos;PAUL&amp;apos;, ip: &amp;apos;192.168.1.3&amp;apos;, os.name: &amp;apos;Windows 10&amp;apos;, os.arch: &amp;apos;amd64&amp;apos;, os.version: &amp;apos;10.0&amp;apos;, java.version: &amp;apos;1.8.0_121&amp;apos;
Driver info: org.openqa.selenium.chrome.ChromeDriver
Capabilities {acceptInsecureCerts: false, browserName: chrome, browserVersion: 106.0.5249.91, chrome: {chromedriverVersion: 105.0.5195.52 (412c95e51883..., userDataDir: C:\Users\paul\AppData\Local...}, goog:chromeOptions: {debuggerAddress: localhost:63970}, javascriptEnabled: true, networkConnectionEnabled: false, pageLoadStrategy: normal, platform: WINDOWS, platformName: WINDOWS, proxy: Proxy(), setWindowRect: true, strictFileInteractability: false, timeouts: {implicit: 0, pageLoad: 300000, script: 30000}, unhandledPromptBehavior: dismiss and notify, webauthn:extension:credBlob: true, webauthn:extension:largeBlob: true, webauthn:virtualAuthenticators: true}
Session ID: 53fc7a1711afe734f1810fab9603cccd">
      <![CDATA[cucumber.runtime.CucumberException: org.openqa.selenium.ElementClickInterceptedException: element click intercepted: Element <input id="noOfVacancies" placeholder="1" type="number" class="bx--text-input bx--text__input" title="1" name="noOfVacancies" min="1" max="1000" value="1"> is not clickable at point (1032, 694). Other element would receive the click: <div class="bx--modal bx--modal-tall is-visible" role="presentation">...</div>
  (Session info: chrome=106.0.5249.91)
Build info: version: '3.141.59', revision: 'e82be7d358', time: '2018-11-14T08:17:03'
System info: host: 'PAUL', ip: '192.168.1.3', os.name: 'Windows 10', os.arch: 'amd64', os.version: '10.0', java.version: '1.8.0_121'
Driver info: org.openqa.selenium.chrome.ChromeDriver
Capabilities {acceptInsecureCerts: false, browserName: chrome, browserVersion: 106.0.5249.91, chrome: {chromedriverVersion: 105.0.5195.52 (412c95e51883..., userDataDir: C:\Users\paul\AppData\Local...}, goog:chromeOptions: {debuggerAddress: localhost:63970}, javascriptEnabled: true, networkConnectionEnabled: false, pageLoadStrategy: normal, platform: WINDOWS, platformName: WINDOWS, proxy: Proxy(), setWindowRect: true, strictFileInteractability: false, timeouts: {implicit: 0, pageLoad: 300000, script: 30000}, unhandledPromptBehavior: dismiss and notify, webauthn:extension:credBlob: true, webauthn:extension:largeBlob: true, webauthn:virtualAuthenticators: true}
Session ID: 53fc7a1711afe734f1810fab9603cccd
at cucumber.api.testng.TestNGCucumberRunner.runCucumber(TestNGCucumberRunner.java:69)
at cucumber.api.testng.AbstractTestNGCucumberTests.feature(AbstractTestNGCucumberTests.java:21)
Caused by: org.openqa.selenium.ElementClickInterceptedException: element click intercepted: Element <input id="noOfVacancies" placeholder="1" type="number" class="bx--text-input bx--text__input" title="1" name="noOfVacancies" min="1" max="1000" value="1"> is not clickable at point (1032, 694). Other element would receive the click: <div class="bx--modal bx--modal-tall is-visible" role="presentation">...</div>
  (Session info: chrome=106.0.5249.91)
Build info: version: '3.141.59', revision: 'e82be7d358', time: '2018-11-14T08:17:03'
System info: host: 'PAUL', ip: '192.168.1.3', os.name: 'Windows 10', os.arch: 'amd64', os.version: '10.0', java.version: '1.8.0_121'
Driver info: org.openqa.selenium.chrome.ChromeDriver
Capabilities {acceptInsecureCerts: false, browserName: chrome, browserVersion: 106.0.5249.91, chrome: {chromedriverVersion: 105.0.5195.52 (412c95e51883..., userDataDir: C:\Users\paul\AppData\Local...}, goog:chromeOptions: {debuggerAddress: localhost:63970}, javascriptEnabled: true, networkConnectionEnabled: false, pageLoadStrategy: normal, platform: WINDOWS, platformName: WINDOWS, proxy: Proxy(), setWindowRect: true, strictFileInteractability: false, timeouts: {implicit: 0, pageLoad: 300000, script: 30000}, unhandledPromptBehavior: dismiss and notify, webauthn:extension:credBlob: true, webauthn:extension:largeBlob: true, webauthn:virtualAuthenticators: true}
Session ID: 53fc7a1711afe734f1810fab9603cccd
at org.openqa.selenium.remote.http.W3CHttpResponseCodec.createException(W3CHttpResponseCodec.java:187)
at org.openqa.selenium.remote.http.W3CHttpResponseCodec.decode(W3CHttpResponseCodec.java:122)
at org.openqa.selenium.remote.http.W3CHttpResponseCodec.decode(W3CHttpResponseCodec.java:49)
at org.openqa.selenium.remote.HttpCommandExecutor.execute(HttpCommandExecutor.java:158)
at org.openqa.selenium.remote.service.DriverCommandExecutor.execute(DriverCommandExecutor.java:83)
at org.openqa.selenium.remote.RemoteWebDriver.execute(RemoteWebDriver.java:552)
at org.openqa.selenium.remote.RemoteWebElement.execute(RemoteWebElement.java:285)
at org.openqa.selenium.remote.RemoteWebElement.click(RemoteWebElement.java:84)
at stepdefinitions.Stepdefinitions.add_no_of_vacancies(Stepdefinitions.java:204)
at ✽.And add no of vacancies(featurefiles/CreateCompleteJob.feature:24)
... Removed 29 stack frames]]>
    </failure>
  </testcase> <!-- feature -->
</testsuite> <!-- Create New Job with all Details -->
